<?xml version="1.0" encoding="UTF-8"?>
<testsuite xmlns:xsi="http://www.w3.org/2001/XMLSchema-instance" xsi:noNamespaceSchemaLocation="https://maven.apache.org/surefire/maven-surefire-plugin/xsd/surefire-test-report.xsd" name="com.mitocode.calculator.SimpleCalculatorControllerTest" time="3.001" tests="5" errors="0" skipped="0" failures="0">
  <properties>
[...]
</properties>
  <testcase name="shouldReturnDivResult" classname="com.mitocode.calculator.SimpleCalculatorControllerTest" time="0.403"/>
  <testcase name="shouldReturnMulResult" classname="com.mitocode.calculator.SimpleCalculatorControllerTest" time="0.004"/>
  <testcase name="shouldReturnSubResult" classname="com.mitocode.calculator.SimpleCalculatorControllerTest" time="0.004"/>
  <testcase name="shouldReturnAddResult" classname="com.mitocode.calculator.SimpleCalculatorControllerTest" time="0.006"/>
  <testcase name="shouldReturnMessageWhoAmI" classname="com.mitocode.calculator.SimpleCalculatorControllerTest" time="0.005"/>
</testsuite>